<?xml version="1.0" encoding="UTF-8"?>
<!-- Generated by org.testng.reporters.JUnitReportReporter -->
<testsuite hostname="vamsiraji" failures="0" tests="5" name="com.automation.test.CreateOpty" time="67.103" errors="0" timestamp="2022-05-15T18:09:53 EDT" skipped="0">
  <testcase classname="com.automation.test.CreateOpty" name="testcases17" time="11.850"/>
  <system-out/>
  <testcase classname="com.automation.test.CreateOpty" name="testcase18" time="12.243"/>
  <system-out/>
  <testcase classname="com.automation.test.CreateOpty" name="testcase19" time="11.693"/>
  <system-out/>
  <testcase classname="com.automation.test.CreateOpty" name="testcase16" time="18.169"/>
  <system-out/>
  <testcase classname="com.automation.test.CreateOpty" name="testcase15" time="13.148"/>
  <system-out/>
</testsuite> <!-- com.automation.test.CreateOpty -->
