<?xml version="1.0" encoding="UTF-8"?>
<!-- Generated by org.testng.reporters.JUnitReportReporter -->
<testsuite hostname="vamsiraji" failures="0" tests="6" name="com.automation.test.UsermenuDroppdown" time="123.507" errors="0" timestamp="2022-05-15T18:09:53 EDT" skipped="0">
  <testcase classname="com.automation.test.UsermenuDroppdown" name="testcase6" time="25.106"/>
  <system-out/>
  <testcase classname="com.automation.test.UsermenuDroppdown" name="testcase7" time="19.025"/>
  <system-out/>
  <testcase classname="com.automation.test.UsermenuDroppdown" name="testcase9" time="16.536"/>
  <system-out/>
  <testcase classname="com.automation.test.UsermenuDroppdown" name="testcase5" time="13.415"/>
  <system-out/>
  <testcase classname="com.automation.test.UsermenuDroppdown" name="addphoto" time="36.544"/>
  <system-out/>
  <testcase classname="com.automation.test.UsermenuDroppdown" name="testcase8" time="12.881"/>
  <system-out/>
</testsuite> <!-- com.automation.test.UsermenuDroppdown -->
