<?xml version="1.0" encoding="UTF-8"?>
<!-- Generated by org.testng.reporters.JUnitReportReporter -->
<testsuite hostname="vamsiraji" failures="0" tests="8" name="com.automation.test.ContactsTest" time="119.978" errors="0" timestamp="2022-05-15T18:09:53 EDT" skipped="0">
  <testcase classname="com.automation.test.ContactsTest" name="testcase31" time="14.477"/>
  <system-out/>
  <testcase classname="com.automation.test.ContactsTest" name="testcase30" time="11.124"/>
  <system-out/>
  <testcase classname="com.automation.test.ContactsTest" name="testcase25" time="22.367"/>
  <system-out/>
  <testcase classname="com.automation.test.ContactsTest" name="testcase32" time="13.488"/>
  <system-out/>
  <testcase classname="com.automation.test.ContactsTest" name="testcase26" time="17.370"/>
  <system-out/>
  <testcase classname="com.automation.test.ContactsTest" name="testcase27" time="13.964"/>
  <system-out/>
  <testcase classname="com.automation.test.ContactsTest" name="testcase28" time="14.996"/>
  <system-out/>
  <testcase classname="com.automation.test.ContactsTest" name="testcase29" time="12.192"/>
  <system-out/>
</testsuite> <!-- com.automation.test.ContactsTest -->
