<?xml version="1.0" encoding="UTF-8"?>
<!-- Generated by org.testng.reporters.JUnitReportReporter -->
<testsuite hostname="vamsiraji" failures="0" tests="5" name="com.automation.test.CreateAccount" time="83.808" errors="0" timestamp="2022-05-15T18:09:53 EDT" skipped="0">
  <testcase classname="com.automation.test.CreateAccount" name="tastcase14" time="23.523"/>
  <system-out/>
  <testcase classname="com.automation.test.CreateAccount" name="testcase10" time="15.129"/>
  <system-out/>
  <testcase classname="com.automation.test.CreateAccount" name="testcase13" time="14.559"/>
  <system-out/>
  <testcase classname="com.automation.test.CreateAccount" name="testcase12" time="16.221"/>
  <system-out/>
  <testcase classname="com.automation.test.CreateAccount" name="testcase11" time="14.376"/>
  <system-out/>
</testsuite> <!-- com.automation.test.CreateAccount -->
