<?xml version="1.0" encoding="UTF-8"?>
<!-- Generated by org.testng.reporters.JUnitReportReporter -->
<testsuite hostname="vamsiraji" failures="0" tests="5" name="com.automation.test.Leadtest" time="78.920" errors="0" timestamp="2022-05-15T18:09:53 EDT" skipped="0">
  <testcase classname="com.automation.test.Leadtest" name="testcase20" time="12.929"/>
  <system-out/>
  <testcase classname="com.automation.test.Leadtest" name="testcase22" time="21.384"/>
  <system-out/>
  <testcase classname="com.automation.test.Leadtest" name="testcase24" time="13.960"/>
  <system-out/>
  <testcase classname="com.automation.test.Leadtest" name="testcase21" time="14.704"/>
  <system-out/>
  <testcase classname="com.automation.test.Leadtest" name="testcase23" time="15.943"/>
  <system-out/>
</testsuite> <!-- com.automation.test.Leadtest -->
