<?xml version="1.0" encoding="UTF-8"?>
<!-- Generated by org.testng.reporters.JUnitReportReporter -->
<testsuite hostname="vamsiraji" failures="0" tests="1" name="com.automation.test.SalesfroceAutomationscripts" time="10.878" errors="0" timestamp="2022-05-09T17:53:00 EDT" skipped="0">
  <testcase classname="com.automation.test.SalesfroceAutomationscripts" name="testcase2" time="10.878"/>
  <system-out/>
</testsuite> <!-- com.automation.test.SalesfroceAutomationscripts -->
